<?xml version="1.0" encoding="UTF-8"?>
<!-- Generated by org.testng.reporters.JUnitReportReporter -->
<testsuite skipped="0" hostname="INBASDPC06335" name="JavaTest.Pass" tests="1" failures="0" timestamp="21 Jan 2019 06:42:46 GMT" time="4.070" errors="0">
  <testcase name="test" time="4.070" classname="JavaTest.Pass"/>
</testsuite> <!-- JavaTest.Pass -->
