<?xml version="1.0" encoding="UTF-8"?>
<!-- Generated by org.testng.reporters.JUnitReportReporter -->
<testsuite skipped="0" hostname="INBASDPC06335" name="JavaTest.Fail" tests="1" failures="0" timestamp="21 Jan 2019 06:42:46 GMT" time="0.002" errors="0">
  <testcase name="test_UsingHardAssertion" time="0.002" classname="JavaTest.Fail"/>
</testsuite> <!-- JavaTest.Fail -->
